<?xml version="1.0" encoding="UTF-8"?>
<!-- Generated by org.testng.reporters.JUnitXMLReporter -->
<testsuite ignored="0" hostname="PRAGADEEESH" failures="0" tests="3" name="Default test" time="0.068" errors="0" timestamp="2024-01-27T14:27:54 IST">
  <testcase classname="com.runner.Priority" name="Login" time="0.016"/>
  <testcase classname="com.runner.Priority" name="browserLaunch" time="0.002"/>
  <testcase classname="com.runner.Priority" name="urlLaunch" time="0.002"/>
</testsuite> <!-- Default test -->
