<?xml version="1.0" encoding="UTF-8"?>
<testng-results ignored="0" total="3" passed="3" failed="0" skipped="0">
  <reporter-output>
  </reporter-output>
  <suite started-at="2024-01-27T14:27:54 IST" name="Default suite" finished-at="2024-01-27T14:27:54 IST" duration-ms="68">
    <groups>
    </groups>
    <test started-at="2024-01-27T14:27:54 IST" name="Default test" finished-at="2024-01-27T14:27:54 IST" duration-ms="68">
      <class name="com.runner.Priority">
        <test-method signature="Login()[pri:0, instance:com.runner.Priority@1aa7ecca]" started-at="2024-01-27T14:27:54 IST" name="Login" finished-at="2024-01-27T14:27:54 IST" duration-ms="16" status="PASS">
          <reporter-output>
          </reporter-output>
        </test-method> <!-- Login -->
        <test-method signature="browserLaunch()[pri:2, instance:com.runner.Priority@1aa7ecca]" started-at="2024-01-27T14:27:54 IST" name="browserLaunch" finished-at="2024-01-27T14:27:54 IST" duration-ms="2" status="PASS">
          <reporter-output>
          </reporter-output>
        </test-method> <!-- browserLaunch -->
        <test-method signature="urlLaunch()[pri:6, instance:com.runner.Priority@1aa7ecca]" started-at="2024-01-27T14:27:54 IST" name="urlLaunch" finished-at="2024-01-27T14:27:54 IST" duration-ms="2" status="PASS">
          <reporter-output>
          </reporter-output>
        </test-method> <!-- urlLaunch -->
      </class> <!-- com.runner.Priority -->
    </test> <!-- Default test -->
  </suite> <!-- Default suite -->
</testng-results>
